#
# There is insufficient memory for the Java Runtime Environment to continue.
# Native memory allocation (mmap) failed to map 201326592 bytes for Failed to commit area from 0x0000000701c00000 to 0x000000070dc00000 of length 201326592.
# Possible reasons:
#   The system is out of physical RAM or swap space
#   The process is running with CompressedOops enabled, and the Java Heap may be blocking the growth of the native heap
# Possible solutions:
#   Reduce memory load on the system
#   Increase physical memory or swap space
#   Check if swap backing store is full
#   Decrease Java heap size (-Xmx/-Xms)
#   Decrease number of Java threads
#   Decrease Java thread stack sizes (-Xss)
#   Set larger code cache with -XX:ReservedCodeCacheSize=
# This output file may be truncated or incomplete.
#
#  Out of Memory Error (t:/workspace/open/src/hotspot/os/windows/os_windows.cpp:3221), pid=16244, tid=36968
#
# JRE version:  (10.0.2+13) (build )
# Java VM: Java HotSpot(TM) 64-Bit Server VM (10.0.2+13, mixed mode, aot, tiered, compressed oops, g1 gc, windows-amd64)
# No core dump will be written. Minidumps are not enabled by default on client versions of Windows
#

---------------  S U M M A R Y ------------

Command Line: -Dfile.encoding=Cp1254 PROJE.Main

Host: Intel(R) Core(TM) i7-4700HQ CPU @ 2.40GHz, 8 cores, 11G,  Windows 10 , 64 bit Build 17763 (10.0.17763.437)
Time: Sat Apr 27 18:04:35 2019 Türkiye Standart Saati elapsed time: 0 seconds (0d 0h 0m 0s)

---------------  T H R E A D  ---------------

Current thread (0x0000020ae12d4000):  JavaThread "Unknown thread" [_thread_in_vm, id=36968, stack(0x000000edd4c00000,0x000000edd4d00000)]

Stack: [0x000000edd4c00000,0x000000edd4d00000]
Native frames: (J=compiled Java code, j=interpreted, Vv=VM code, C=native code)
V  [jvm.dll+0x5a01a9]
V  [jvm.dll+0x6bcf31]
V  [jvm.dll+0x6be126]
V  [jvm.dll+0x6be7b3]
V  [jvm.dll+0x234978]
V  [jvm.dll+0x59dac4]
V  [jvm.dll+0x592825]
V  [jvm.dll+0x2f632b]
V  [jvm.dll+0x2f6295]
V  [jvm.dll+0x2f6172]
V  [jvm.dll+0x2f8366]
V  [jvm.dll+0x344293]
V  [jvm.dll+0x3449a6]
V  [jvm.dll+0x344393]
V  [jvm.dll+0x2c4628]
V  [jvm.dll+0x2c5771]
V  [jvm.dll+0x69d1db]
V  [jvm.dll+0x69e9fc]
V  [jvm.dll+0x3519e9]
V  [jvm.dll+0x6856a2]
V  [jvm.dll+0x3ba0c3]
V  [jvm.dll+0x3bc261]
C  [javaw.exe+0x3541]
C  [javaw.exe+0xe1cf]
C  [javaw.exe+0xe376]
C  [KERNEL32.DLL+0x17974]
C  [ntdll.dll+0x6a271]


---------------  P R O C E S S  ---------------

Threads class SMR info:
_java_thread_list=0x0000020adf23d0f0, length=0, elements={
}

Java Threads: ( => current thread )

Other Threads:
  0x0000020ae12ee000 GCTaskThread "GC Thread#0" [stack: 0x000000edd4d00000,0x000000edd4e00000] [id=8936]
  0x0000020ae12ef800 GCTaskThread "GC Thread#1" [stack: 0x000000edd4e00000,0x000000edd4f00000] [id=29248]
  0x0000020ae12f3000 GCTaskThread "GC Thread#2" [stack: 0x000000edd4f00000,0x000000edd5000000] [id=35280]
  0x0000020ae12f6000 GCTaskThread "GC Thread#3" [stack: 0x000000edd5000000,0x000000edd5100000] [id=38388]
  0x0000020ae12fc000 GCTaskThread "GC Thread#4" [stack: 0x000000edd5100000,0x000000edd5200000] [id=40140]
  0x0000020ae1312800 GCTaskThread "GC Thread#5" [stack: 0x000000edd5200000,0x000000edd5300000] [id=38664]
  0x0000020ae1312000 GCTaskThread "GC Thread#6" [stack: 0x000000edd5300000,0x000000edd5400000] [id=37784]
  0x0000020ae130c000 GCTaskThread "GC Thread#7" [stack: 0x000000edd5400000,0x000000edd5500000] [id=9780]
  0x0000020ae13ad000 ConcurrentGCThread "G1 Main Marker" [stack: 0x000000edd5500000,0x000000edd5600000] [id=40772]
  0x0000020ae130f000 ConcurrentGCThread "G1 Conc#0" [stack: 0x000000edd5600000,0x000000edd5700000] [id=39204]
  0x0000020ae1310000 ConcurrentGCThread "G1 Conc#1" [stack: 0x000000edd5700000,0x000000edd5800000] [id=40180]

[error occurred during error reporting (printing all threads), id 0xe0000002]

VM state:not at safepoint (not fully initialized)

VM Mutex/Monitor currently owned by a thread:  ([mutex/lock_event])
[0x0000020ae12d2df0] Heap_lock - owner thread: 0x0000020ae12d4000

Heap address: 0x0000000701c00000, size: 3044 MB, Compressed Oops mode: Non-zero based: 0x0000000701c00000
Narrow klass base: 0x0000000000000000, Narrow klass shift: 0

GC Heap History (0 events):
No events

Deoptimization events (0 events):
No events

Classes redefined (0 events):
No events

Internal exceptions (0 events):
No events

Events (0 events):
No events


Dynamic libraries:
0x00007ff641ce0000 - 0x00007ff641d1e000 	C:\Program Files\Java\jre-10.0.2\bin\javaw.exe
0x00007ff804470000 - 0x00007ff80465d000 	C:\WINDOWS\SYSTEM32\ntdll.dll
0x00007ff8023c0000 - 0x00007ff802473000 	C:\WINDOWS\System32\KERNEL32.DLL
0x00007ff801180000 - 0x00007ff801413000 	C:\WINDOWS\System32\KERNELBASE.dll
0x00007ff802820000 - 0x00007ff8028c3000 	C:\WINDOWS\System32\ADVAPI32.dll
0x00007ff802270000 - 0x00007ff80230e000 	C:\WINDOWS\System32\msvcrt.dll
0x00007ff804240000 - 0x00007ff8042de000 	C:\WINDOWS\System32\sechost.dll
0x00007ff8024a0000 - 0x00007ff8025c2000 	C:\WINDOWS\System32\RPCRT4.dll
0x00007ff802680000 - 0x00007ff802817000 	C:\WINDOWS\System32\USER32.dll
0x00007ff8014d0000 - 0x00007ff8014f0000 	C:\WINDOWS\System32\win32u.dll
0x00007ff804410000 - 0x00007ff804439000 	C:\WINDOWS\System32\GDI32.dll
0x00007ff800820000 - 0x00007ff8009ba000 	C:\WINDOWS\System32\gdi32full.dll
0x00007ff800720000 - 0x00007ff8007c0000 	C:\WINDOWS\System32\msvcp_win.dll
0x00007ff8014f0000 - 0x00007ff8015ea000 	C:\WINDOWS\System32\ucrtbase.dll
0x00007ffff17d0000 - 0x00007ffff1a49000 	C:\WINDOWS\WinSxS\amd64_microsoft.windows.common-controls_6595b64144ccf1df_6.0.17763.437_none_05b63dca071e5dd6\COMCTL32.dll
0x00007ffff78c0000 - 0x00007ffff78ca000 	C:\WINDOWS\SYSTEM32\VERSION.dll
0x00007ff801b20000 - 0x00007ff801e4c000 	C:\WINDOWS\System32\combase.dll
0x00007ff801420000 - 0x00007ff80149e000 	C:\WINDOWS\System32\bcryptPrimitives.dll
0x00007ff802390000 - 0x00007ff8023be000 	C:\WINDOWS\System32\IMM32.DLL
0x00007fffc1500000 - 0x00007fffc15ef000 	C:\Program Files\Java\jre-10.0.2\bin\msvcr120.dll
0x00007fffdbb90000 - 0x00007fffdbc36000 	C:\Program Files\Java\jre-10.0.2\bin\msvcp120.dll
0x000000005ad70000 - 0x000000005b7e0000 	C:\Program Files\Java\jre-10.0.2\bin\server\jvm.dll
0x00007ff801e50000 - 0x00007ff801e58000 	C:\WINDOWS\System32\PSAPI.DLL
0x00007fffecd50000 - 0x00007fffecd59000 	C:\WINDOWS\SYSTEM32\WSOCK32.dll
0x00007ffffcf10000 - 0x00007ffffcf34000 	C:\WINDOWS\SYSTEM32\WINMM.dll
0x00007ff8028d0000 - 0x00007ff80293d000 	C:\WINDOWS\System32\WS2_32.dll
0x00007ffffcee0000 - 0x00007ffffcf0d000 	C:\WINDOWS\SYSTEM32\WINMMBASE.dll
0x00007ff8009e0000 - 0x00007ff800a2a000 	C:\WINDOWS\System32\cfgmgr32.dll
0x00007ffffcbe0000 - 0x00007ffffcbef000 	C:\Program Files\Java\jre-10.0.2\bin\verify.dll
0x00007fffe96d0000 - 0x00007fffe98bd000 	C:\WINDOWS\SYSTEM32\DBGHELP.DLL
0x00007fffe9170000 - 0x00007fffe919a000 	C:\WINDOWS\SYSTEM32\dbgcore.DLL
0x00007fffdba70000 - 0x00007fffdba97000 	C:\Program Files\Java\jre-10.0.2\bin\java.dll
0x00007ffff8460000 - 0x00007ffff8476000 	C:\Program Files\Java\jre-10.0.2\bin\zip.dll
0x00007ffffcbd0000 - 0x00007ffffcbda000 	C:\Program Files\Java\jre-10.0.2\bin\jimage.dll

dbghelp: loaded successfully - version: 4.0.5 - missing functions: none
symbol engine: initialized successfully - sym options: 0x614 - pdb path: .;C:\Program Files\Java\jre-10.0.2\bin;C:\WINDOWS\SYSTEM32;C:\WINDOWS\WinSxS\amd64_microsoft.windows.common-controls_6595b64144ccf1df_6.0.17763.437_none_05b63dca071e5dd6;C:\Program Files\Java\jre-10.0.2\bin\server

VM Arguments:
jvm_args: -Dfile.encoding=Cp1254 
java_command: PROJE.Main
java_class_path (initial): C:\Users\ABDULLAH\Desktop\BÝTÝRME PROJE JAVA\Bitirme\GenetikAlgoritma\bin
Launcher Type: SUN_STANDARD

Logging:
Log output configuration:
#0: stdout all=warning uptime,level,tags
#1: stderr all=off uptime,level,tags

Environment Variables:
PATH=C:\Program Files (x86)\Common Files\Oracle\Java\javapath;C:\Program Files\Microsoft MPI\Bin\;C:\WINDOWS\system32;C:\WINDOWS;C:\WINDOWS\System32\Wbem;C:\WINDOWS\System32\WindowsPowerShell\v1.0\;C:\WINDOWS\System32\OpenSSH\;C:\Program Files\dotnet\;C:\Program Files\Microsoft SQL Server\130\Tools\Binn\;C:\Program Files (x86)\Microsoft SQL Server\Client SDK\ODBC\130\Tools\Binn\;C:\Program Files (x86)\Microsoft SQL Server\140\Tools\Binn\;C:\Program Files (x86)\Microsoft SQL Server\140\DTS\Binn\;C:\Program Files (x86)\Microsoft SQL Server\140\Tools\Binn\ManagementStudio\;C:\Program Files (x86)\Microsoft SQL Server\130\Tools\Binn\;C:\Program Files (x86)\Microsoft SQL Server\130\DTS\Binn\;C:\Program Files\Microsoft SQL Server\130\DTS\Binn\;C:\Program Files\Microsoft SQL Server\Client SDK\ODBC\130\Tools\Binn\;C:\WINDOWS\system32;C:\WINDOWS;C:\WINDOWS\System32\Wbem;C:\WINDOWS\System32\WindowsPowerShell\v1.0\;C:\WINDOWS\System32\OpenSSH\;C:\Program Files (x86)\NVIDIA Corporation\PhysX\Common;C:\Program Files\NVIDIA Corporation\NVIDIA NvDLISR;C:\Users\ABDULLAH\AppData\Roaming\local\bin;C:\Program Files (x86)\Java\jdk1.8.0_181\bin;C:\Users\ABDULLAH\AppData\Local\atom\bin;C:\Users\ABDULLAH\AppData\Local\Microsoft\WindowsApps;C:\Users\ABDULLAH\AppData\Local\Programs\Fiddler
USERNAME=ABDULLAH
OS=Windows_NT
PROCESSOR_IDENTIFIER=Intel64 Family 6 Model 60 Stepping 3, GenuineIntel



---------------  S Y S T E M  ---------------

OS: Windows 10 , 64 bit Build 17763 (10.0.17763.437)

CPU:total 8 (initial active 8) (4 cores per cpu, 2 threads per core) family 6 model 60 stepping 3, cmov, cx8, fxsr, mmx, sse, sse2, sse3, ssse3, sse4.1, sse4.2, popcnt, avx, avx2, aes, clmul, erms, lzcnt, ht, tsc, tscinvbit, bmi1, bmi2, fma

Memory: 4k page, physical 12463292k(3620644k free), swap 50212028k(199664k free)

vm_info: Java HotSpot(TM) 64-Bit Server VM (10.0.2+13) for windows-amd64 JRE (10.0.2+13), built on Jun 28 2018 01:57:56 by "mach5one" with MS VC++ 12.0 (VS2013)

END.
