#
# There is insufficient memory for the Java Runtime Environment to continue.
# Native memory allocation (malloc) failed to allocate 1048576 bytes for AllocateHeap
# Possible reasons:
#   The system is out of physical RAM or swap space
#   The process is running with CompressedOops enabled, and the Java Heap may be blocking the growth of the native heap
# Possible solutions:
#   Reduce memory load on the system
#   Increase physical memory or swap space
#   Check if swap backing store is full
#   Decrease Java heap size (-Xmx/-Xms)
#   Decrease number of Java threads
#   Decrease Java thread stack sizes (-Xss)
#   Set larger code cache with -XX:ReservedCodeCacheSize=
# This output file may be truncated or incomplete.
#
#  Out of Memory Error (memory/allocation.inline.hpp:63), pid=37688, tid=6020
#
# JRE version:  (10.0.2+13) (build )
# Java VM: Java HotSpot(TM) 64-Bit Server VM (10.0.2+13, mixed mode, aot, tiered, compressed oops, g1 gc, windows-amd64)
# No core dump will be written. Minidumps are not enabled by default on client versions of Windows
#

---------------  S U M M A R Y ------------

Command Line: -Dfile.encoding=Cp1254 PROJE.Main

Host: Intel(R) Core(TM) i7-4700HQ CPU @ 2.40GHz, 8 cores, 11G,  Windows 10 , 64 bit Build 17763 (10.0.17763.437)
Time: Sat Apr 27 18:02:52 2019 Türkiye Standart Saati elapsed time: 0 seconds (0d 0h 0m 0s)

---------------  T H R E A D  ---------------

Current thread (0x00000221dd744800):  JavaThread "Unknown thread" [_thread_in_vm, id=6020, stack(0x000000454de00000,0x000000454df00000)]

Stack: [0x000000454de00000,0x000000454df00000]
Native frames: (J=compiled Java code, j=interpreted, Vv=VM code, C=native code)
V  [jvm.dll+0x5a01a9]
V  [jvm.dll+0x6bcf31]
V  [jvm.dll+0x6be126]
V  [jvm.dll+0x6be7b3]
V  [jvm.dll+0x234978]
V  [jvm.dll+0x105556]
V  [jvm.dll+0x2cb95c]
V  [jvm.dll+0x2c5734]
V  [jvm.dll+0x69d1db]
V  [jvm.dll+0x69e9fc]
V  [jvm.dll+0x3519e9]
V  [jvm.dll+0x6856a2]
V  [jvm.dll+0x3ba0c3]
V  [jvm.dll+0x3bc261]
C  [javaw.exe+0x3541]
C  [javaw.exe+0xe1cf]
C  [javaw.exe+0xe376]
C  [KERNEL32.DLL+0x17974]
C  [ntdll.dll+0x6a271]


---------------  P R O C E S S  ---------------

Threads class SMR info:
_java_thread_list=0x00000221db6ae870, length=0, elements={
}

Java Threads: ( => current thread )

Other Threads:
  0x00000221dd75e000 GCTaskThread "GC Thread#0" [stack: 0x000000454df00000,0x000000454e000000] [id=15812]
  0x00000221dd75f000 GCTaskThread "GC Thread#1" [stack: 0x000000454e000000,0x000000454e100000] [id=16416]
  0x00000221dd762000 GCTaskThread "GC Thread#2" [stack: 0x000000454e100000,0x000000454e200000] [id=36980]
  0x00000221dd768800 GCTaskThread "GC Thread#3" [stack: 0x000000454e200000,0x000000454e300000] [id=39956]
  0x00000221dd76e000 GCTaskThread "GC Thread#4" [stack: 0x000000454e300000,0x000000454e400000] [id=38344]
  0x00000221dd772000 GCTaskThread "GC Thread#5" [stack: 0x000000454e400000,0x000000454e500000] [id=39212]
  0x00000221dd773800 GCTaskThread "GC Thread#6" [stack: 0x000000454e500000,0x000000454e600000] [id=7568]
  0x00000221dd775000 GCTaskThread "GC Thread#7" [stack: 0x000000454e600000,0x000000454e700000] [id=38296]

[error occurred during error reporting (printing all threads), id 0xe0000001]

VM state:not at safepoint (not fully initialized)

VM Mutex/Monitor currently owned by a thread:  ([mutex/lock_event])
[0x00000221dd743d30] Heap_lock - owner thread: 0x00000221dd744800

Heap address: 0x0000000701c00000, size: 3044 MB, Compressed Oops mode: Non-zero based: 0x0000000701c00000
Narrow klass base: 0x0000000000000000, Narrow klass shift: 0

GC Heap History (0 events):
No events

Deoptimization events (0 events):
No events

Classes redefined (0 events):
No events

Internal exceptions (0 events):
No events

Events (0 events):
No events


Dynamic libraries:
0x00007ff641ce0000 - 0x00007ff641d1e000 	C:\Program Files\Java\jre-10.0.2\bin\javaw.exe
0x00007ff804470000 - 0x00007ff80465d000 	C:\WINDOWS\SYSTEM32\ntdll.dll
0x00007ff8023c0000 - 0x00007ff802473000 	C:\WINDOWS\System32\KERNEL32.DLL
0x00007ff801180000 - 0x00007ff801413000 	C:\WINDOWS\System32\KERNELBASE.dll
0x00007ff802820000 - 0x00007ff8028c3000 	C:\WINDOWS\System32\ADVAPI32.dll
0x00007ff802270000 - 0x00007ff80230e000 	C:\WINDOWS\System32\msvcrt.dll
0x00007ff804240000 - 0x00007ff8042de000 	C:\WINDOWS\System32\sechost.dll
0x00007ff8024a0000 - 0x00007ff8025c2000 	C:\WINDOWS\System32\RPCRT4.dll
0x00007ff802680000 - 0x00007ff802817000 	C:\WINDOWS\System32\USER32.dll
0x00007ff8014d0000 - 0x00007ff8014f0000 	C:\WINDOWS\System32\win32u.dll
0x00007ff804410000 - 0x00007ff804439000 	C:\WINDOWS\System32\GDI32.dll
0x00007ff800820000 - 0x00007ff8009ba000 	C:\WINDOWS\System32\gdi32full.dll
0x00007ff800720000 - 0x00007ff8007c0000 	C:\WINDOWS\System32\msvcp_win.dll
0x00007ff8014f0000 - 0x00007ff8015ea000 	C:\WINDOWS\System32\ucrtbase.dll
0x00007ffff17d0000 - 0x00007ffff1a49000 	C:\WINDOWS\WinSxS\amd64_microsoft.windows.common-controls_6595b64144ccf1df_6.0.17763.437_none_05b63dca071e5dd6\COMCTL32.dll
0x00007ffff78c0000 - 0x00007ffff78ca000 	C:\WINDOWS\SYSTEM32\VERSION.dll
0x00007ff801b20000 - 0x00007ff801e4c000 	C:\WINDOWS\System32\combase.dll
0x00007ff801420000 - 0x00007ff80149e000 	C:\WINDOWS\System32\bcryptPrimitives.dll
0x00007ff802390000 - 0x00007ff8023be000 	C:\WINDOWS\System32\IMM32.DLL
0x00007fffc1500000 - 0x00007fffc15ef000 	C:\Program Files\Java\jre-10.0.2\bin\msvcr120.dll
0x00007fffdbb90000 - 0x00007fffdbc36000 	C:\Program Files\Java\jre-10.0.2\bin\msvcp120.dll
0x000000005ad70000 - 0x000000005b7e0000 	C:\Program Files\Java\jre-10.0.2\bin\server\jvm.dll
0x00007ff801e50000 - 0x00007ff801e58000 	C:\WINDOWS\System32\PSAPI.DLL
0x00007fffecd50000 - 0x00007fffecd59000 	C:\WINDOWS\SYSTEM32\WSOCK32.dll
0x00007ffffcf10000 - 0x00007ffffcf34000 	C:\WINDOWS\SYSTEM32\WINMM.dll
0x00007ff8028d0000 - 0x00007ff80293d000 	C:\WINDOWS\System32\WS2_32.dll
0x00007ffffcee0000 - 0x00007ffffcf0d000 	C:\WINDOWS\SYSTEM32\winmmbase.dll
0x00007ff8009e0000 - 0x00007ff800a2a000 	C:\WINDOWS\System32\cfgmgr32.dll
0x00007ffffcbe0000 - 0x00007ffffcbef000 	C:\Program Files\Java\jre-10.0.2\bin\verify.dll
0x00007fffe96d0000 - 0x00007fffe98bd000 	C:\WINDOWS\SYSTEM32\DBGHELP.DLL
0x00007fffe9170000 - 0x00007fffe919a000 	C:\WINDOWS\SYSTEM32\dbgcore.DLL
0x00007fffdba70000 - 0x00007fffdba97000 	C:\Program Files\Java\jre-10.0.2\bin\java.dll
0x00007ffff8460000 - 0x00007ffff8476000 	C:\Program Files\Java\jre-10.0.2\bin\zip.dll
0x00007ffffcbd0000 - 0x00007ffffcbda000 	C:\Program Files\Java\jre-10.0.2\bin\jimage.dll

dbghelp: loaded successfully - version: 4.0.5 - missing functions: none
symbol engine: initialized successfully - sym options: 0x614 - pdb path: .;C:\Program Files\Java\jre-10.0.2\bin;C:\WINDOWS\SYSTEM32;C:\WINDOWS\WinSxS\amd64_microsoft.windows.common-controls_6595b64144ccf1df_6.0.17763.437_none_05b63dca071e5dd6;C:\Program Files\Java\jre-10.0.2\bin\server

VM Arguments:
jvm_args: -Dfile.encoding=Cp1254 
java_command: PROJE.Main
java_class_path (initial): C:\Users\ABDULLAH\Desktop\BÝTÝRME PROJE JAVA\Bitirme\GenetikAlgoritma\bin
Launcher Type: SUN_STANDARD

Logging:
Log output configuration:
#0: stdout all=warning uptime,level,tags
#1: stderr all=off uptime,level,tags

Environment Variables:
PATH=C:\Program Files (x86)\Common Files\Oracle\Java\javapath;C:\Program Files\Microsoft MPI\Bin\;C:\WINDOWS\system32;C:\WINDOWS;C:\WINDOWS\System32\Wbem;C:\WINDOWS\System32\WindowsPowerShell\v1.0\;C:\WINDOWS\System32\OpenSSH\;C:\Program Files\dotnet\;C:\Program Files\Microsoft SQL Server\130\Tools\Binn\;C:\Program Files (x86)\Microsoft SQL Server\Client SDK\ODBC\130\Tools\Binn\;C:\Program Files (x86)\Microsoft SQL Server\140\Tools\Binn\;C:\Program Files (x86)\Microsoft SQL Server\140\DTS\Binn\;C:\Program Files (x86)\Microsoft SQL Server\140\Tools\Binn\ManagementStudio\;C:\Program Files (x86)\Microsoft SQL Server\130\Tools\Binn\;C:\Program Files (x86)\Microsoft SQL Server\130\DTS\Binn\;C:\Program Files\Microsoft SQL Server\130\DTS\Binn\;C:\Program Files\Microsoft SQL Server\Client SDK\ODBC\130\Tools\Binn\;C:\WINDOWS\system32;C:\WINDOWS;C:\WINDOWS\System32\Wbem;C:\WINDOWS\System32\WindowsPowerShell\v1.0\;C:\WINDOWS\System32\OpenSSH\;C:\Program Files (x86)\NVIDIA Corporation\PhysX\Common;C:\Program Files\NVIDIA Corporation\NVIDIA NvDLISR;C:\Users\ABDULLAH\AppData\Roaming\local\bin;C:\Program Files (x86)\Java\jdk1.8.0_181\bin;C:\Users\ABDULLAH\AppData\Local\atom\bin;C:\Users\ABDULLAH\AppData\Local\Microsoft\WindowsApps;C:\Users\ABDULLAH\AppData\Local\Programs\Fiddler
USERNAME=ABDULLAH
OS=Windows_NT
PROCESSOR_IDENTIFIER=Intel64 Family 6 Model 60 Stepping 3, GenuineIntel



---------------  S Y S T E M  ---------------

OS: Windows 10 , 64 bit Build 17763 (10.0.17763.437)

CPU:total 8 (initial active 8) (4 cores per cpu, 2 threads per core) family 6 model 60 stepping 3, cmov, cx8, fxsr, mmx, sse, sse2, sse3, ssse3, sse4.1, sse4.2, popcnt, avx, avx2, aes, clmul, erms, lzcnt, ht, tsc, tscinvbit, bmi1, bmi2, fma

Memory: 4k page, physical 12463292k(3795528k free), swap 50212028k(5932k free)

vm_info: Java HotSpot(TM) 64-Bit Server VM (10.0.2+13) for windows-amd64 JRE (10.0.2+13), built on Jun 28 2018 01:57:56 by "mach5one" with MS VC++ 12.0 (VS2013)

END.
